[0m11:18:12.238127 [debug] [MainThread]: Sending event: {'category': 'dbt', 'action': 'invocation', 'label': 'start', 'context': [<snowplow_tracker.self_describing_json.SelfDescribingJson object at 0x000001F8F6097010>, <snowplow_tracker.self_describing_json.SelfDescribingJson object at 0x000001F8F60974D0>, <snowplow_tracker.self_describing_json.SelfDescribingJson object at 0x000001F8F60975D0>]}


============================== 11:18:12.279130 | 7a91e74b-556f-47aa-84fa-ea91c36da947 ==============================
[0m11:18:12.279130 [info ] [MainThread]: Running with dbt=1.7.5
[0m11:18:12.282127 [debug] [MainThread]: running dbt with arguments {'printer_width': '80', 'indirect_selection': 'eager', 'write_json': 'True', 'log_cache_events': 'False', 'partial_parse': 'True', 'cache_selected_only': 'False', 'profiles_dir': 'C:\\Users\\bramr\\.dbt', 'debug': 'False', 'warn_error': 'None', 'log_path': 'logs', 'version_check': 'True', 'fail_fast': 'False', 'use_colors': 'True', 'use_experimental_parser': 'False', 'no_print': 'None', 'quiet': 'False', 'log_format': 'default', 'introspect': 'True', 'static_parser': 'True', 'warn_error_options': 'WarnErrorOptions(include=[], exclude=[])', 'target_path': 'None', 'invocation_command': 'dbt init view_selection_tool', 'send_anonymous_usage_stats': 'True'}
[0m11:18:12.283127 [warn ] [MainThread]: [ConfigFolderDirectory]: Unable to parse dict {'dir': WindowsPath('C:/Users/bramr/.dbt')}
[0m11:18:12.284127 [info ] [MainThread]: Creating dbt configuration folder at 
[0m11:18:12.288129 [debug] [MainThread]: Starter project path: C:\Users\bramr\OneDrive\Documenten\Blenddata\Initiële uitwerkingen opdrachten\DBT\Code\The Tool\.venv\Lib\site-packages\dbt\include\starter_project
[0m11:18:12.322126 [info ] [MainThread]: 
Your new dbt project "view_selection_tool" was created!

For more information on how to configure the profiles.yml file,
please consult the dbt documentation here:

  https://docs.getdbt.com/docs/configure-your-profile

One more thing:

Need help? Don't hesitate to reach out to us via GitHub issues or on Slack:

  https://community.getdbt.com/

Happy modeling!

[0m11:18:12.325130 [info ] [MainThread]: Setting up your profile.
[0m11:20:23.736604 [info ] [MainThread]: Profile view_selection_tool written to C:\Users\bramr\.dbt\profiles.yml using target's profile_template.yml and your supplied values. Run 'dbt debug' to validate the connection.
[0m11:20:23.739622 [debug] [MainThread]: Command `dbt init` succeeded at 11:20:23.738589 after 131.52 seconds
[0m11:20:23.740588 [debug] [MainThread]: Sending event: {'category': 'dbt', 'action': 'invocation', 'label': 'end', 'context': [<snowplow_tracker.self_describing_json.SelfDescribingJson object at 0x000001F8EDE14F90>, <snowplow_tracker.self_describing_json.SelfDescribingJson object at 0x000001F8EE110110>, <snowplow_tracker.self_describing_json.SelfDescribingJson object at 0x000001F8EDE2AB50>]}
[0m11:20:23.741586 [debug] [MainThread]: Flushing usage events
[0m11:21:00.681587 [debug] [MainThread]: Sending event: {'category': 'dbt', 'action': 'invocation', 'label': 'start', 'context': [<snowplow_tracker.self_describing_json.SelfDescribingJson object at 0x00000192D8A94450>, <snowplow_tracker.self_describing_json.SelfDescribingJson object at 0x00000192D87CA9D0>, <snowplow_tracker.self_describing_json.SelfDescribingJson object at 0x00000192D814BC10>]}


============================== 11:21:00.687555 | aeadbe0d-dbb6-465e-8755-ad08bdad19ca ==============================
[0m11:21:00.687555 [info ] [MainThread]: Running with dbt=1.7.5
[0m11:21:00.688560 [debug] [MainThread]: running dbt with arguments {'printer_width': '80', 'indirect_selection': 'eager', 'write_json': 'True', 'log_cache_events': 'False', 'partial_parse': 'True', 'cache_selected_only': 'False', 'warn_error': 'None', 'fail_fast': 'False', 'version_check': 'True', 'log_path': 'logs', 'debug': 'False', 'profiles_dir': 'C:\\Users\\bramr\\.dbt', 'use_colors': 'True', 'use_experimental_parser': 'False', 'no_print': 'None', 'quiet': 'False', 'warn_error_options': 'WarnErrorOptions(include=[], exclude=[])', 'static_parser': 'True', 'invocation_command': 'dbt debug', 'introspect': 'True', 'target_path': 'None', 'log_format': 'default', 'send_anonymous_usage_stats': 'True'}
[0m11:21:00.690557 [info ] [MainThread]: dbt version: 1.7.5
[0m11:21:00.692557 [info ] [MainThread]: python version: 3.11.5
[0m11:21:00.693560 [info ] [MainThread]: python path: C:\Users\bramr\OneDrive\Documenten\Blenddata\Initiële uitwerkingen opdrachten\DBT\Code\The Tool\.venv\Scripts\python.exe
[0m11:21:00.695558 [info ] [MainThread]: os info: Windows-10-10.0.19045-SP0
[0m11:21:00.839554 [info ] [MainThread]: Using profiles dir at C:\Users\bramr\.dbt
[0m11:21:00.840555 [info ] [MainThread]: Using profiles.yml file at C:\Users\bramr\.dbt\profiles.yml
[0m11:21:00.841555 [info ] [MainThread]: Using dbt_project.yml file at C:\Users\bramr\OneDrive\Documenten\Blenddata\Initiële uitwerkingen opdrachten\DBT\Code\The Tool\dbt_project.yml
[0m11:21:00.845556 [info ] [MainThread]: adapter type: postgres
[0m11:21:00.847566 [info ] [MainThread]: adapter version: 1.7.5
[0m11:21:00.848558 [info ] [MainThread]: Configuration:
[0m11:21:00.849558 [info ] [MainThread]:   profiles.yml file [[32mOK found and valid[0m]
[0m11:21:00.851561 [info ] [MainThread]:   dbt_project.yml file [[31mERROR not found[0m]
[0m11:21:00.853555 [info ] [MainThread]: Required dependencies:
[0m11:21:00.855557 [debug] [MainThread]: Executing "git --help"
[0m11:21:01.176990 [debug] [MainThread]: STDOUT: "b"usage: git [-v | --version] [-h | --help] [-C <path>] [-c <name>=<value>]\n           [--exec-path[=<path>]] [--html-path] [--man-path] [--info-path]\n           [-p | --paginate | -P | --no-pager] [--no-replace-objects] [--bare]\n           [--git-dir=<path>] [--work-tree=<path>] [--namespace=<name>]\n           [--config-env=<name>=<envvar>] <command> [<args>]\n\nThese are common Git commands used in various situations:\n\nstart a working area (see also: git help tutorial)\n   clone     Clone a repository into a new directory\n   init      Create an empty Git repository or reinitialize an existing one\n\nwork on the current change (see also: git help everyday)\n   add       Add file contents to the index\n   mv        Move or rename a file, a directory, or a symlink\n   restore   Restore working tree files\n   rm        Remove files from the working tree and from the index\n\nexamine the history and state (see also: git help revisions)\n   bisect    Use binary search to find the commit that introduced a bug\n   diff      Show changes between commits, commit and working tree, etc\n   grep      Print lines matching a pattern\n   log       Show commit logs\n   show      Show various types of objects\n   status    Show the working tree status\n\ngrow, mark and tweak your common history\n   branch    List, create, or delete branches\n   commit    Record changes to the repository\n   merge     Join two or more development histories together\n   rebase    Reapply commits on top of another base tip\n   reset     Reset current HEAD to the specified state\n   switch    Switch branches\n   tag       Create, list, delete or verify a tag object signed with GPG\n\ncollaborate (see also: git help workflows)\n   fetch     Download objects and refs from another repository\n   pull      Fetch from and integrate with another repository or a local branch\n   push      Update remote refs along with associated objects\n\n'git help -a' and 'git help -g' list available subcommands and some\nconcept guides. See 'git help <command>' or 'git help <concept>'\nto read about a specific subcommand or concept.\nSee 'git help git' for an overview of the system.\n""
[0m11:21:01.177997 [debug] [MainThread]: STDERR: "b''"
[0m11:21:01.178991 [info ] [MainThread]:  - git [[32mOK found[0m]

[0m11:21:01.179994 [info ] [MainThread]: Connection:
[0m11:21:01.180994 [info ] [MainThread]:   host: postgres
[0m11:21:01.181997 [info ] [MainThread]:   port: 5467
[0m11:21:01.182993 [info ] [MainThread]:   user: postgres
[0m11:21:01.183991 [info ] [MainThread]:   database: postgres
[0m11:21:01.184993 [info ] [MainThread]:   schema: view_selection
[0m11:21:01.185991 [info ] [MainThread]:   connect_timeout: 10
[0m11:21:01.187996 [info ] [MainThread]:   role: None
[0m11:21:01.188992 [info ] [MainThread]:   search_path: None
[0m11:21:01.189996 [info ] [MainThread]:   keepalives_idle: 0
[0m11:21:01.190992 [info ] [MainThread]:   sslmode: None
[0m11:21:01.193000 [info ] [MainThread]:   sslcert: None
[0m11:21:01.193997 [info ] [MainThread]:   sslkey: None
[0m11:21:01.194997 [info ] [MainThread]:   sslrootcert: None
[0m11:21:01.196996 [info ] [MainThread]:   application_name: dbt
[0m11:21:01.197998 [info ] [MainThread]:   retries: 1
[0m11:21:01.200021 [info ] [MainThread]: Registered adapter: postgres=1.7.5
[0m11:21:01.200993 [debug] [MainThread]: Acquiring new postgres connection 'debug'
[0m11:21:01.201994 [debug] [MainThread]: Using postgres connection "debug"
[0m11:21:01.202992 [debug] [MainThread]: On debug: select 1 as id
[0m11:21:01.203991 [debug] [MainThread]: Opening a new connection, currently in state init
[0m11:21:02.214701 [debug] [MainThread]: Postgres adapter: Got a retryable error when attempting to open a postgres connection.
1 attempts remaining. Retrying in 0 seconds.
Error:
could not translate host name "postgres" to address: No such host is known. 

[0m11:21:03.220022 [debug] [MainThread]: Postgres adapter: Error running SQL: select 1 as id
[0m11:21:03.221005 [debug] [MainThread]: Postgres adapter: Rolling back transaction.
[0m11:21:03.222002 [debug] [MainThread]: On debug: No close available on handle
[0m11:21:03.223003 [info ] [MainThread]:   Connection test: [[31mERROR[0m]

[0m11:21:03.225004 [info ] [MainThread]: [31m2 checks failed:[0m
[0m11:21:03.226003 [info ] [MainThread]: Project loading failed for the following reason:
 project path <C:\Users\bramr\OneDrive\Documenten\Blenddata\Initiële uitwerkingen opdrachten\DBT\Code\The Tool\dbt_project.yml> not found

[0m11:21:03.228020 [info ] [MainThread]: dbt was unable to connect to the specified database.
The database returned the following error:

  >Database Error
  could not translate host name "postgres" to address: No such host is known. 
  

Check your database credentials and try again. For more information, visit:
https://docs.getdbt.com/docs/configure-your-profile


[0m11:21:03.231010 [debug] [MainThread]: Command `dbt debug` failed at 11:21:03.230003 after 2.63 seconds
[0m11:21:03.232003 [debug] [MainThread]: Connection 'debug' was properly closed.
[0m11:21:03.232003 [debug] [MainThread]: Sending event: {'category': 'dbt', 'action': 'invocation', 'label': 'end', 'context': [<snowplow_tracker.self_describing_json.SelfDescribingJson object at 0x00000192D8A83B90>, <snowplow_tracker.self_describing_json.SelfDescribingJson object at 0x00000192D8A918D0>, <snowplow_tracker.self_describing_json.SelfDescribingJson object at 0x00000192D1BBEF90>]}
[0m11:21:03.233003 [debug] [MainThread]: Flushing usage events
